


ARM Macro Assembler    Page 1 


    1 00000000         
    2 00000000         ; gpio.s
    3 00000000         ; Desenvolvido para a placa EK-TM4C1294XL
    4 00000000         ; Prof. Guilherme Peron
    5 00000000         ; 19/03/2018
    6 00000000         
    7 00000000         ; ------------------------------------------------------
                       -------------------------
    8 00000000                 THUMB                        ; Instruções do tip
                                                            o Thumb-2
    9 00000000         ; ------------------------------------------------------
                       -------------------------
   10 00000000         ; Declarações EQU - Defines
   11 00000000         ; ========================
   12 00000000         ; Definições dos Registradores Gerais
   13 00000000 400FE608 
                       SYSCTL_RCGCGPIO_R
                               EQU              0x400FE608
   14 00000000 400FEA08 
                       SYSCTL_PRGPIO_R
                               EQU              0x400FEA08
   15 00000000         ; ========================
   16 00000000         ; Definições dos Ports
   17 00000000         ; PORT J
   18 00000000 40060520 
                       GPIO_PORTJ_AHB_LOCK_R
                               EQU              0x40060520
   19 00000000 40060524 
                       GPIO_PORTJ_AHB_CR_R
                               EQU              0x40060524
   20 00000000 40060528 
                       GPIO_PORTJ_AHB_AMSEL_R
                               EQU              0x40060528
   21 00000000 4006052C 
                       GPIO_PORTJ_AHB_PCTL_R
                               EQU              0x4006052C
   22 00000000 40060400 
                       GPIO_PORTJ_AHB_DIR_R
                               EQU              0x40060400
   23 00000000 40060420 
                       GPIO_PORTJ_AHB_AFSEL_R
                               EQU              0x40060420
   24 00000000 4006051C 
                       GPIO_PORTJ_AHB_DEN_R
                               EQU              0x4006051C
   25 00000000 40060510 
                       GPIO_PORTJ_AHB_PUR_R
                               EQU              0x40060510
   26 00000000 400603FC 
                       GPIO_PORTJ_AHB_DATA_R
                               EQU              0x400603FC
   27 00000000 00000100 
                       GPIO_PORTJ
                               EQU              2_000000100000000
   28 00000000         
   29 00000000         
   30 00000000         ; PORT F
   31 00000000 4005D520 
                       GPIO_PORTF_AHB_LOCK_R



ARM Macro Assembler    Page 2 


                               EQU              0x4005D520
   32 00000000 4005D524 
                       GPIO_PORTF_AHB_CR_R
                               EQU              0x4005D524
   33 00000000 4005D528 
                       GPIO_PORTF_AHB_AMSEL_R
                               EQU              0x4005D528
   34 00000000 4005D52C 
                       GPIO_PORTF_AHB_PCTL_R
                               EQU              0x4005D52C
   35 00000000 4005D400 
                       GPIO_PORTF_AHB_DIR_R
                               EQU              0x4005D400
   36 00000000 4005D420 
                       GPIO_PORTF_AHB_AFSEL_R
                               EQU              0x4005D420
   37 00000000 4005D51C 
                       GPIO_PORTF_AHB_DEN_R
                               EQU              0x4005D51C
   38 00000000 4005D510 
                       GPIO_PORTF_AHB_PUR_R
                               EQU              0x4005D510
   39 00000000 4005D3FC 
                       GPIO_PORTF_AHB_DATA_R
                               EQU              0x4005D3FC
   40 00000000 00000020 
                       GPIO_PORTF
                               EQU              2_000000000100000
   41 00000000         ; PORT A
   42 00000000 40058000 
                       GPIO_PORTA_AHB_DATA_BITS_R
                               EQU              0x40058000
   43 00000000 400583FC 
                       GPIO_PORTA_AHB_DATA_R
                               EQU              0x400583FC
   44 00000000 40058400 
                       GPIO_PORTA_AHB_DIR_R
                               EQU              0x40058400
   45 00000000 40058404 
                       GPIO_PORTA_AHB_IS_R
                               EQU              0x40058404
   46 00000000 40058408 
                       GPIO_PORTA_AHB_IBE_R
                               EQU              0x40058408
   47 00000000 4005840C 
                       GPIO_PORTA_AHB_IEV_R
                               EQU              0x4005840C
   48 00000000 40058410 
                       GPIO_PORTA_AHB_IM_R
                               EQU              0x40058410
   49 00000000 40058414 
                       GPIO_PORTA_AHB_RIS_R
                               EQU              0x40058414
   50 00000000 40058418 
                       GPIO_PORTA_AHB_MIS_R
                               EQU              0x40058418
   51 00000000 4005841C 
                       GPIO_PORTA_AHB_ICR_R
                               EQU              0x4005841C



ARM Macro Assembler    Page 3 


   52 00000000 40058420 
                       GPIO_PORTA_AHB_AFSEL_R
                               EQU              0x40058420
   53 00000000 40058500 
                       GPIO_PORTA_AHB_DR2R_R
                               EQU              0x40058500
   54 00000000 40058504 
                       GPIO_PORTA_AHB_DR4R_R
                               EQU              0x40058504
   55 00000000 40058508 
                       GPIO_PORTA_AHB_DR8R_R
                               EQU              0x40058508
   56 00000000 4005850C 
                       GPIO_PORTA_AHB_ODR_R
                               EQU              0x4005850C
   57 00000000 40058510 
                       GPIO_PORTA_AHB_PUR_R
                               EQU              0x40058510
   58 00000000 40058514 
                       GPIO_PORTA_AHB_PDR_R
                               EQU              0x40058514
   59 00000000 40058518 
                       GPIO_PORTA_AHB_SLR_R
                               EQU              0x40058518
   60 00000000 4005851C 
                       GPIO_PORTA_AHB_DEN_R
                               EQU              0x4005851C
   61 00000000 40058520 
                       GPIO_PORTA_AHB_LOCK_R
                               EQU              0x40058520
   62 00000000 40058524 
                       GPIO_PORTA_AHB_CR_R
                               EQU              0x40058524
   63 00000000 40058528 
                       GPIO_PORTA_AHB_AMSEL_R
                               EQU              0x40058528
   64 00000000 4005852C 
                       GPIO_PORTA_AHB_PCTL_R
                               EQU              0x4005852C
   65 00000000 40058530 
                       GPIO_PORTA_AHB_ADCCTL_R
                               EQU              0x40058530
   66 00000000 40058534 
                       GPIO_PORTA_AHB_DMACTL_R
                               EQU              0x40058534
   67 00000000 40058538 
                       GPIO_PORTA_AHB_SI_R
                               EQU              0x40058538
   68 00000000 4005853C 
                       GPIO_PORTA_AHB_DR12R_R
                               EQU              0x4005853C
   69 00000000 40058540 
                       GPIO_PORTA_AHB_WAKEPEN_R
                               EQU              0x40058540
   70 00000000 40058544 
                       GPIO_PORTA_AHB_WAKELVL_R
                               EQU              0x40058544
   71 00000000 40058548 
                       GPIO_PORTA_AHB_WAKESTAT_R



ARM Macro Assembler    Page 4 


                               EQU              0x40058548
   72 00000000 40058FC0 
                       GPIO_PORTA_AHB_PP_R
                               EQU              0x40058FC0
   73 00000000 40058FC4 
                       GPIO_PORTA_AHB_PC_R
                               EQU              0x40058FC4
   74 00000000 00000001 
                       GPIO_PORTA
                               EQU              2_1
   75 00000000         ; PORT B
   76 00000000 40059000 
                       GPIO_PORTB_AHB_DATA_BITS_R
                               EQU              0x40059000
   77 00000000 400593FC 
                       GPIO_PORTB_AHB_DATA_R
                               EQU              0x400593FC
   78 00000000 40059400 
                       GPIO_PORTB_AHB_DIR_R
                               EQU              0x40059400
   79 00000000 40059404 
                       GPIO_PORTB_AHB_IS_R
                               EQU              0x40059404
   80 00000000 40059408 
                       GPIO_PORTB_AHB_IBE_R
                               EQU              0x40059408
   81 00000000 4005940C 
                       GPIO_PORTB_AHB_IEV_R
                               EQU              0x4005940C
   82 00000000 40059410 
                       GPIO_PORTB_AHB_IM_R
                               EQU              0x40059410
   83 00000000 40059414 
                       GPIO_PORTB_AHB_RIS_R
                               EQU              0x40059414
   84 00000000 40059418 
                       GPIO_PORTB_AHB_MIS_R
                               EQU              0x40059418
   85 00000000 4005941C 
                       GPIO_PORTB_AHB_ICR_R
                               EQU              0x4005941C
   86 00000000 40059420 
                       GPIO_PORTB_AHB_AFSEL_R
                               EQU              0x40059420
   87 00000000 40059500 
                       GPIO_PORTB_AHB_DR2R_R
                               EQU              0x40059500
   88 00000000 40059504 
                       GPIO_PORTB_AHB_DR4R_R
                               EQU              0x40059504
   89 00000000 40059508 
                       GPIO_PORTB_AHB_DR8R_R
                               EQU              0x40059508
   90 00000000 4005950C 
                       GPIO_PORTB_AHB_ODR_R
                               EQU              0x4005950C
   91 00000000 40059510 
                       GPIO_PORTB_AHB_PUR_R
                               EQU              0x40059510



ARM Macro Assembler    Page 5 


   92 00000000 40059514 
                       GPIO_PORTB_AHB_PDR_R
                               EQU              0x40059514
   93 00000000 40059518 
                       GPIO_PORTB_AHB_SLR_R
                               EQU              0x40059518
   94 00000000 4005951C 
                       GPIO_PORTB_AHB_DEN_R
                               EQU              0x4005951C
   95 00000000 40059520 
                       GPIO_PORTB_AHB_LOCK_R
                               EQU              0x40059520
   96 00000000 40059524 
                       GPIO_PORTB_AHB_CR_R
                               EQU              0x40059524
   97 00000000 40059528 
                       GPIO_PORTB_AHB_AMSEL_R
                               EQU              0x40059528
   98 00000000 4005952C 
                       GPIO_PORTB_AHB_PCTL_R
                               EQU              0x4005952C
   99 00000000 40059530 
                       GPIO_PORTB_AHB_ADCCTL_R
                               EQU              0x40059530
  100 00000000 40059534 
                       GPIO_PORTB_AHB_DMACTL_R
                               EQU              0x40059534
  101 00000000 40059538 
                       GPIO_PORTB_AHB_SI_R
                               EQU              0x40059538
  102 00000000 4005953C 
                       GPIO_PORTB_AHB_DR12R_R
                               EQU              0x4005953C
  103 00000000 40059540 
                       GPIO_PORTB_AHB_WAKEPEN_R
                               EQU              0x40059540
  104 00000000 40059544 
                       GPIO_PORTB_AHB_WAKELVL_R
                               EQU              0x40059544
  105 00000000 40059548 
                       GPIO_PORTB_AHB_WAKESTAT_R
                               EQU              0x40059548
  106 00000000 40059FC0 
                       GPIO_PORTB_AHB_PP_R
                               EQU              0x40059FC0
  107 00000000 40059FC4 
                       GPIO_PORTB_AHB_PC_R
                               EQU              0x40059FC4
  108 00000000 00000002 
                       GPIO_PORTB
                               EQU              2_10
  109 00000000         ; PORT P
  110 00000000 40065000 
                       GPIO_PORTP_AHB_DATA_BITS_R
                               EQU              0x40065000
  111 00000000 400653FC 
                       GPIO_PORTP_AHB_DATA_R
                               EQU              0x400653FC
  112 00000000 40065400 



ARM Macro Assembler    Page 6 


                       GPIO_PORTP_AHB_DIR_R
                               EQU              0x40065400
  113 00000000 40065404 
                       GPIO_PORTP_AHB_IS_R
                               EQU              0x40065404
  114 00000000 40065408 
                       GPIO_PORTP_AHB_IBE_R
                               EQU              0x40065408
  115 00000000 4006540C 
                       GPIO_PORTP_AHB_IEV_R
                               EQU              0x4006540C
  116 00000000 40065410 
                       GPIO_PORTP_AHB_IM_R
                               EQU              0x40065410
  117 00000000 40065414 
                       GPIO_PORTP_AHB_RIS_R
                               EQU              0x40065414
  118 00000000 40065418 
                       GPIO_PORTP_AHB_MIS_R
                               EQU              0x40065418
  119 00000000 4006541C 
                       GPIO_PORTP_AHB_ICR_R
                               EQU              0x4006541C
  120 00000000 40065420 
                       GPIO_PORTP_AHB_AFSEL_R
                               EQU              0x40065420
  121 00000000 40065500 
                       GPIO_PORTP_AHB_DR2R_R
                               EQU              0x40065500
  122 00000000 40065504 
                       GPIO_PORTP_AHB_DR4R_R
                               EQU              0x40065504
  123 00000000 40065508 
                       GPIO_PORTP_AHB_DR8R_R
                               EQU              0x40065508
  124 00000000 4006550C 
                       GPIO_PORTP_AHB_ODR_R
                               EQU              0x4006550C
  125 00000000 40065510 
                       GPIO_PORTP_AHB_PUR_R
                               EQU              0x40065510
  126 00000000 40065514 
                       GPIO_PORTP_AHB_PDR_R
                               EQU              0x40065514
  127 00000000 40065518 
                       GPIO_PORTP_AHB_SLR_R
                               EQU              0x40065518
  128 00000000 4006551C 
                       GPIO_PORTP_AHB_DEN_R
                               EQU              0x4006551C
  129 00000000 40065520 
                       GPIO_PORTP_AHB_LOCK_R
                               EQU              0x40065520
  130 00000000 40065524 
                       GPIO_PORTP_AHB_CR_R
                               EQU              0x40065524
  131 00000000 40065528 
                       GPIO_PORTP_AHB_AMSEL_R
                               EQU              0x40065528



ARM Macro Assembler    Page 7 


  132 00000000 4006552C 
                       GPIO_PORTP_AHB_PCTL_R
                               EQU              0x4006552C
  133 00000000 40065530 
                       GPIO_PORTP_AHB_ADCCTL_R
                               EQU              0x40065530
  134 00000000 40065534 
                       GPIO_PORTP_AHB_DMACTL_R
                               EQU              0x40065534
  135 00000000 40065538 
                       GPIO_PORTP_AHB_SI_R
                               EQU              0x40065538
  136 00000000 4006553C 
                       GPIO_PORTP_AHB_DR12R_R
                               EQU              0x4006553C
  137 00000000 40065540 
                       GPIO_PORTP_AHB_WAKEPEN_R
                               EQU              0x40065540
  138 00000000 40065544 
                       GPIO_PORTP_AHB_WAKELVL_R
                               EQU              0x40065544
  139 00000000 40065548 
                       GPIO_PORTP_AHB_WAKESTAT_R
                               EQU              0x40065548
  140 00000000 40065FC0 
                       GPIO_PORTP_AHB_PP_R
                               EQU              0x40065FC0
  141 00000000 40065FC4 
                       GPIO_PORTP_AHB_PC_R
                               EQU              0x40065FC4
  142 00000000 00002000 
                       GPIO_PORTP
                               EQU              8192
  143 00000000         
  144 00000000         ; PORT Q
  145 00000000 40066000 
                       GPIO_PORTQ_AHB_DATA_BITS_R
                               EQU              0x40066000
  146 00000000 400663FC 
                       GPIO_PORTQ_AHB_DATA_R
                               EQU              0x400663FC
  147 00000000 40066400 
                       GPIO_PORTQ_AHB_DIR_R
                               EQU              0x40066400
  148 00000000 40066404 
                       GPIO_PORTQ_AHB_IS_R
                               EQU              0x40066404
  149 00000000 40066408 
                       GPIO_PORTQ_AHB_IBE_R
                               EQU              0x40066408
  150 00000000 4006640C 
                       GPIO_PORTQ_AHB_IEV_R
                               EQU              0x4006640C
  151 00000000 40066410 
                       GPIO_PORTQ_AHB_IM_R
                               EQU              0x40066410
  152 00000000 40066414 
                       GPIO_PORTQ_AHB_RIS_R
                               EQU              0x40066414



ARM Macro Assembler    Page 8 


  153 00000000 40066418 
                       GPIO_PORTQ_AHB_MIS_R
                               EQU              0x40066418
  154 00000000 4006641C 
                       GPIO_PORTQ_AHB_ICR_R
                               EQU              0x4006641C
  155 00000000 40066420 
                       GPIO_PORTQ_AHB_AFSEL_R
                               EQU              0x40066420
  156 00000000 40066500 
                       GPIO_PORTQ_AHB_DR2R_R
                               EQU              0x40066500
  157 00000000 40066504 
                       GPIO_PORTQ_AHB_DR4R_R
                               EQU              0x40066504
  158 00000000 40066508 
                       GPIO_PORTQ_AHB_DR8R_R
                               EQU              0x40066508
  159 00000000 4006650C 
                       GPIO_PORTQ_AHB_ODR_R
                               EQU              0x4006650C
  160 00000000 40066510 
                       GPIO_PORTQ_AHB_PUR_R
                               EQU              0x40066510
  161 00000000 40066514 
                       GPIO_PORTQ_AHB_PDR_R
                               EQU              0x40066514
  162 00000000 40066518 
                       GPIO_PORTQ_AHB_SLR_R
                               EQU              0x40066518
  163 00000000 4006651C 
                       GPIO_PORTQ_AHB_DEN_R
                               EQU              0x4006651C
  164 00000000 40066520 
                       GPIO_PORTQ_AHB_LOCK_R
                               EQU              0x40066520
  165 00000000 40066524 
                       GPIO_PORTQ_AHB_CR_R
                               EQU              0x40066524
  166 00000000 40066528 
                       GPIO_PORTQ_AHB_AMSEL_R
                               EQU              0x40066528
  167 00000000 4006652C 
                       GPIO_PORTQ_AHB_PCTL_R
                               EQU              0x4006652C
  168 00000000 40066530 
                       GPIO_PORTQ_AHB_ADCCTL_R
                               EQU              0x40066530
  169 00000000 40066534 
                       GPIO_PORTQ_AHB_DMACTL_R
                               EQU              0x40066534
  170 00000000 40066538 
                       GPIO_PORTQ_AHB_SI_R
                               EQU              0x40066538
  171 00000000 4006653C 
                       GPIO_PORTQ_AHB_DR12R_R
                               EQU              0x4006653C
  172 00000000 40066540 
                       GPIO_PORTQ_AHB_WAKEPEN_R



ARM Macro Assembler    Page 9 


                               EQU              0x40066540
  173 00000000 40066544 
                       GPIO_PORTQ_AHB_WAKELVL_R
                               EQU              0x40066544
  174 00000000 40066548 
                       GPIO_PORTQ_AHB_WAKESTAT_R
                               EQU              0x40066548
  175 00000000 40066FC0 
                       GPIO_PORTQ_AHB_PP_R
                               EQU              0x40066FC0
  176 00000000 40066FC4 
                       GPIO_PORTQ_AHB_PC_R
                               EQU              0x40066FC4
  177 00000000 00004000 
                       GPIO_PORTQ
                               EQU              16384
  178 00000000         
  179 00000000         
  180 00000000         
  181 00000000         
  182 00000000         ; ------------------------------------------------------
                       -------------------------
  183 00000000         ; Área de Código - Tudo abaixo da diretiva a seguir será
                        armazenado na memória de 
  184 00000000         ;                  código
  185 00000000                 AREA             |.text|, CODE, READONLY, ALIGN=
2
  186 00000000         
  187 00000000         ; Se alguma função do arquivo for chamada em outro arqui
                       vo 
  188 00000000                 EXPORT           GPIO_Init   ; Permite chamar GP
                                                            IO_Init de outro ar
                                                            quivo
  189 00000000                 EXPORT           PortA_Output ; Permite chamar P
                                                            ortA_Output de outr
                                                            o arquivo
  190 00000000                 EXPORT           PortB_Output ; Permite chamar P
                                                            ortB_Output de outr
                                                            o arquivo
  191 00000000                 EXPORT           PortQ_Output ; Permite chamar P
                                                            ortQ_Output de outr
                                                            o arquivo
  192 00000000                 EXPORT           PortP_Output ; Permite chamar P
                                                            ortP_Output de outr
                                                            o arquivo 
  193 00000000                 EXPORT           PortJ_Input ; Permite chamar Po
                                                            rtJ_Input de outro 
                                                            arquivo
  194 00000000         
  195 00000000         
  196 00000000         ;-------------------------------------------------------
                       -------------------------
  197 00000000         ; Função GPIO_Init
  198 00000000         ; Parâmetro de entrada: Não tem
  199 00000000         ; Parâmetro de saída: Não tem
  200 00000000         GPIO_Init
  201 00000000         ;=====================
  202 00000000         ; 1. Ativar o clock para a porta setando o bit correspon
                       dente no registrador RCGCGPIO,



ARM Macro Assembler    Page 10 


  203 00000000         ; após isso verificar no PRGPIO se a porta está pronta p
                       ara uso.
  204 00000000         ; enable clock to GPIOF at clock gating register
  205 00000000 4846            LDR              R0, =SYSCTL_RCGCGPIO_R ;Carrega
                                                             o endereço do regi
                                                            strador RCGCGPIO
  206 00000002 F04F 0101       MOV              R1, #GPIO_PORTA ;Seta o bit da 
                                                            porta A
  207 00000006 F041 0102       ORR              R1, #GPIO_PORTB ;Seta o bit da 
                                                            porta B, fazendo co
                                                            m OR
  208 0000000A F441 4180       ORR              R1, #GPIO_PORTQ ;Seta o bit da 
                                                            porta Q, fazendo co
                                                            m OR
  209 0000000E F441 5100       ORR              R1, #GPIO_PORTP ;Seta o bit da 
                                                            porta P, fazendo co
                                                            m OR
  210 00000012 F441 7180       ORR              R1, #GPIO_PORTJ ;Seta o bit da 
                                                            porta J, fazendo co
                                                            m OR
  211 00000016 6001            STR              R1, [R0]    ;Move para a memóri
                                                            a os bits das porta
                                                            s no endereço do RC
                                                            GCGPIO
  212 00000018         
  213 00000018 4841            LDR              R0, =SYSCTL_PRGPIO_R ;Carrega o
                                                             endereço do PRGPIO
                                                             para esperar os GP
                                                            IO ficarem prontos
  214 0000001A 6801    EsperaGPIO
                               LDR              R1, [R0]    ;Lê da memória o co
                                                            nteúdo do endereço 
                                                            do registrador
  215 0000001C F04F 0201       MOV              R2, #GPIO_PORTA ;Seta o bit da 
                                                            porta A
  216 00000020 F042 0202       ORR              R2, #GPIO_PORTB ;Seta o bit da 
                                                            porta B, fazendo co
                                                            m OR
  217 00000024 F442 4280       ORR              R2, #GPIO_PORTQ ;Seta o bit da 
                                                            porta Q, fazendo co
                                                            m OR
  218 00000028 F442 5200       ORR              R2, #GPIO_PORTP ;Seta o bit da 
                                                            porta P, fazendo co
                                                            m OR
  219 0000002C F442 7280       ORR              R2, #GPIO_PORTJ ;Seta o bit da 
                                                            porta J, fazendo co
                                                            m OR
  220 00000030 4211            TST              R1, R2      ;ANDS de R1 com R2
  221 00000032 D0F2            BEQ              EsperaGPIO  ;Se o flag Z=1, vol
                                                            ta para o laço. Sen
                                                            ão continua executa
                                                            ndo
  222 00000034         
  223 00000034         ; 2. Limpar o AMSEL para desabilitar a analógica
  224 00000034 F04F 0100       MOV              R1, #0x00   ;Colocar 0 no regis
                                                            trador para desabil
                                                            itar a função analó
                                                            gica
  225 00000038 483A            LDR              R0, =GPIO_PORTA_AHB_AMSEL_R ;Ca



ARM Macro Assembler    Page 11 


                                                            rrega o R0 com o en
                                                            dereço do AMSEL par
                                                            a a porta A
  226 0000003A 6001            STR              R1, [R0]    ;Guarda no registra
                                                            dor AMSEL da porta 
                                                            A da memória
  227 0000003C 483A            LDR              R0, =GPIO_PORTB_AHB_AMSEL_R ;Ca
                                                            rrega o R0 com o en
                                                            dereço do AMSEL par
                                                            a a porta B
  228 0000003E 6001            STR              R1, [R0]    ;Guarda no registra
                                                            dor AMSEL da porta 
                                                            B da memória
  229 00000040 483A            LDR              R0, =GPIO_PORTQ_AHB_AMSEL_R ;Ca
                                                            rrega o R0 com o en
                                                            dereço do AMSEL par
                                                            a a porta Q
  230 00000042 6001            STR              R1, [R0]    ;Guarda no registra
                                                            dor AMSEL da porta 
                                                            Q da memória
  231 00000044         ;MOV  R0, #0x5528
  232 00000044         ;MOVT R0, #0x4006
  233 00000044 483A            LDR              R0, =GPIO_PORTP_AHB_AMSEL_R ;Ca
                                                            rrega o R0 com o en
                                                            dereço do AMSEL par
                                                            a a porta P
  234 00000046 6001            STR              R1, [R0]    ;Guarda no registra
                                                            dor AMSEL da porta 
                                                            P da memória
  235 00000048 4839            LDR              R0, =GPIO_PORTP_AHB_AMSEL_R ;Ca
                                                            rrega o R0 com o en
                                                            dereço do AMSEL par
                                                            a a porta J
  236 0000004A 6001            STR              R1, [R0]    ;Guarda no registra
                                                            dor AMSEL da porta 
                                                            J da memória
  237 0000004C         
  238 0000004C         
  239 0000004C         ; 3. Limpar PCTL para selecionar o GPIO
  240 0000004C F04F 0100       MOV              R1, #0x00   ;Colocar 0 no regis
                                                            trador para selecio
                                                            nar o modo GPIO
  241 00000050 4838            LDR              R0, =GPIO_PORTA_AHB_PCTL_R ;Car
                                                            rega o R0 com o end
                                                            ereço do PCTL para 
                                                            a porta A
  242 00000052 6001            STR              R1, [R0]    ;Guarda no registra
                                                            dor PCTL da porta A
                                                             da memória
  243 00000054 4838            LDR              R0, =GPIO_PORTB_AHB_PCTL_R ;Car
                                                            rega o R0 com o end
                                                            ereço do PCTL para 
                                                            a porta B
  244 00000056 6001            STR              R1, [R0]    ;Guarda no registra
                                                            dor PCTL da porta B
                                                             da memória
  245 00000058 4838            LDR              R0, =GPIO_PORTQ_AHB_PCTL_R ;Car
                                                            rega o R0 com o end
                                                            ereço do PCTL para 



ARM Macro Assembler    Page 12 


                                                            a porta Q
  246 0000005A 6001            STR              R1, [R0]    ;Guarda no registra
                                                            dor PCTL da porta Q
                                                             da memória
  247 0000005C 4838            LDR              R0, =GPIO_PORTP_AHB_PCTL_R ;Car
                                                            rega o R0 com o end
                                                            ereço do PCTL para 
                                                            a porta P
  248 0000005E 6001            STR              R1, [R0]    ;Guarda no registra
                                                            dor PCTL da porta P
                                                             da memória
  249 00000060 4838            LDR              R0, =GPIO_PORTJ_AHB_PCTL_R ;Car
                                                            rega o R0 com o end
                                                            ereço do PCTL para 
                                                            a porta J
  250 00000062 6001            STR              R1, [R0]    ;Guarda no registra
                                                            dor PCTL da porta J
                                                             da memória
  251 00000064         
  252 00000064         ; 4. DIR para 0 se for entrada, 1 se for saída
  253 00000064 4838            LDR              R0, =GPIO_PORTA_AHB_DIR_R ;Carr
                                                            ega o R0 com o ende
                                                            reço do DIR para a 
                                                            porta A
  254 00000066 F04F 01F0       MOV              R1, #2_11110000 ;PA4, PA5, PA6 
                                                            para LEDs
  255 0000006A 6001            STR              R1, [R0]    ;Guarda no registra
                                                            dor
  256 0000006C         ; O certo era verificar os outros bits da PF para não tr
                       ansformar entradas em saídas desnecessárias
  257 0000006C 4837            LDR              R0, =GPIO_PORTB_AHB_DIR_R ;Carr
                                                            ega o R0 com o ende
                                                            reço do DIR para a 
                                                            porta B
  258 0000006E F04F 0130       MOV              R1, #2_00110000 ;PB4, PB5 BJT d
                                                            e 7seg
  259 00000072 6001            STR              R1, [R0]    ;Guarda no registra
                                                            dor PCTL da porta B
                                                             da memória
  260 00000074 4836            LDR              R0, =GPIO_PORTQ_AHB_DIR_R ;Carr
                                                            ega o R0 com o ende
                                                            reço do DIR para a 
                                                            porta Q
  261 00000076 F04F 010F       MOV              R1, #2_00001111 ;PQ0, PQ1, PQ2,
                                                             PQ3 para LEDs
  262 0000007A 6001            STR              R1, [R0]    ;Guarda no registra
                                                            dor PCTL da porta Q
                                                             da memória
  263 0000007C 4835            LDR              R0, =GPIO_PORTP_AHB_DIR_R ;Carr
                                                            ega o R0 com o ende
                                                            reço do DIR para a 
                                                            porta P
  264 0000007E F04F 0120       MOV              R1, #2_00100000 
                                                            ;PP5 para BJT leds
  265 00000082 6001            STR              R1, [R0]    ;Guarda no registra
                                                            dor PCTL da porta P
                                                             da memória
  266 00000084 4834            LDR              R0, =GPIO_PORTJ_AHB_DIR_R ;Carr
                                                            ega o R0 com o ende



ARM Macro Assembler    Page 13 


                                                            reço do DIR para a 
                                                            porta J
  267 00000086 F04F 0100       MOV              R1, #0x00   ;PP0, PP1 USW BTN
  268 0000008A 6001            STR              R1, [R0]    ;Guarda no registra
                                                            dor PCTL da porta J
                                                             da memória
  269 0000008C         
  270 0000008C         ; 5. Limpar os bits AFSEL para 0 para selecionar GPIO 
  271 0000008C         ;    Sem função alternativa
  272 0000008C F04F 0100       MOV              R1, #0x00   ;Colocar o valor 0 
                                                            para não setar funç
                                                            ão alternativa
  273 00000090 4832            LDR              R0, =GPIO_PORTA_AHB_AFSEL_R ;Ca
                                                            rrega o endereço do
                                                             AFSEL da porta A
  274 00000092 6001            STR              R1, [R0]    ;Escreve na porta
  275 00000094 4832            LDR              R0, =GPIO_PORTB_AHB_AFSEL_R ;Ca
                                                            rrega o endereço do
                                                             AFSEL da porta B
  276 00000096 6001            STR              R1, [R0]    ;Escreve na porta
  277 00000098 4832            LDR              R0, =GPIO_PORTQ_AHB_AFSEL_R ;Ca
                                                            rrega o endereço do
                                                             AFSEL da porta Q
  278 0000009A 6001            STR              R1, [R0]    ;Escreve na porta
  279 0000009C 4832            LDR              R0, =GPIO_PORTP_AHB_AFSEL_R ;Ca
                                                            rrega o endereço do
                                                             AFSEL da porta P
  280 0000009E 6001            STR              R1, [R0]    ;Escreve na porta
  281 000000A0 4832            LDR              R0, =GPIO_PORTJ_AHB_AFSEL_R ;Ca
                                                            rrega o endereço do
                                                             AFSEL da porta J
  282 000000A2 6001            STR              R1, [R0]    ;Escreve na porta
  283 000000A4         
  284 000000A4         ; 6. Setar os bits de DEN para habilitar I/O digital
  285 000000A4 4832            LDR              R0, =GPIO_PORTA_AHB_DEN_R ;Carr
                                                            ega o endereço do D
                                                            EN
  286 000000A6 F04F 01F0       MOV              R1, #2_11110000 ;Ativa os pinos
                                                             como I/O Digital
  287 000000AA 6001            STR              R1, [R0]    ;Escreve no registr
                                                            ador da memória fun
                                                            cionalidade digital
                                                             
  288 000000AC         
  289 000000AC 4831            LDR              R0, =GPIO_PORTB_AHB_DEN_R ;Carr
                                                            ega o endereço do D
                                                            EN
  290 000000AE F04F 0130       MOV              R1, #2_00110000 ;Ativa os pinos
                                                             como I/O Digital  
                                                                
  291 000000B2 6001            STR              R1, [R0]    ;Escreve no registr
                                                            ador da memória fun
                                                            cionalidade digital
                                                            
  292 000000B4         
  293 000000B4 4830            LDR              R0, =GPIO_PORTQ_AHB_DEN_R ;Carr
                                                            ega o endereço do D
                                                            EN
  294 000000B6 F04F 010F       MOV              R1, #2_00001111 ;Ativa os pinos



ARM Macro Assembler    Page 14 


                                                             como I/O Digital  
                                                                
  295 000000BA 6001            STR              R1, [R0]    ;Escreve no registr
                                                            ador da memória fun
                                                            cionalidade digital
                                                            
  296 000000BC         
  297 000000BC 482F            LDR              R0, =GPIO_PORTP_AHB_DEN_R ;Carr
                                                            ega o endereço do D
                                                            EN
  298 000000BE F04F 0120       MOV              R1, #2_00100000 ;Ativa os pinos
                                                             como I/O Digital  
                                                                
  299 000000C2 6001            STR              R1, [R0]    ;Escreve no registr
                                                            ador da memória fun
                                                            cionalidade digital
                                                            
  300 000000C4         
  301 000000C4 482E            LDR              R0, =GPIO_PORTJ_AHB_DEN_R ;Carr
                                                            ega o endereço do D
                                                            EN
  302 000000C6 F04F 0103       MOV              R1, #2_00000011 ;Ativa os pinos
                                                             como I/O Digital  
                                                                
  303 000000CA 6001            STR              R1, [R0]    ;Escreve no registr
                                                            ador da memória fun
                                                            cionalidade digital
                                                            
  304 000000CC         
  305 000000CC         ; 7. Para habilitar resistor de pull-up interno, setar P
                       UR para 1
  306 000000CC 482D            LDR              R0, =GPIO_PORTJ_AHB_PUR_R ;Carr
                                                            ega o endereço do P
                                                            UR para a porta J
  307 000000CE F04F 0103       MOV              R1, #2_00000011 ;Habilitar func
                                                            ionalidade digital 
                                                            de resistor de pull
                                                            -up 
  308 000000D2         ;nos bits 0 e 1
  309 000000D2 6001            STR              R1, [R0]    ;Escreve no registr
                                                            ador da memória do 
                                                            resistor de pull-up
                                                            
  310 000000D4         
  311 000000D4         ;retorno            
  312 000000D4 4770            BX               LR
  313 000000D6         
  314 000000D6         ; ------------------------------------------------------
                       -------------------------
  315 000000D6         ; Função PortA_Output
  316 000000D6         ; Parâmetro de entrada: R0 --> se os BIT5-6 estão ligado
                        ou desligado
  317 000000D6         ; Parâmetro de saída: Não tem
  318 000000D6         PortA_Output
  319 000000D6 492C            LDR              R1, =GPIO_PORTA_AHB_DATA_R ;Car
                                                            rega o valor do off
                                                            set do data registe
                                                            r
  320 000000D8         ;Read-Modify-Write para escrita



ARM Macro Assembler    Page 15 


  321 000000D8 680A            LDR              R2, [R1]
  322 000000DA F022 02F0       BIC              R2, #2_11110000 ;Primeiro limpa
                                                            mos os dois bits do
                                                             lido da porta R2 =
                                                             R2 & 01110000
  323 000000DE EA40 0002       ORR              R0, R0, R2  ;Fazer o OR do lido
                                                             pela porta com o p
                                                            arâmetro de entrada
                                                            
  324 000000E2 6008            STR              R0, [R1]    ;Escreve na porta F
                                                             o barramento de da
                                                            dos dos pinos F4 e 
                                                            F0
  325 000000E4 4770            BX               LR          ;Retorno
  326 000000E6         
  327 000000E6         ; ------------------------------------------------------
                       -------------------------
  328 000000E6         ; Função PortB_Output
  329 000000E6         ; Parâmetro de entrada: R0 --> se os BIT5-4 estão ligado
                        ou desligado
  330 000000E6         ; Parâmetro de saída: Não tem
  331 000000E6         PortB_Output
  332 000000E6 4929            LDR              R1, =GPIO_PORTB_AHB_DATA_R ;Car
                                                            rega o valor do off
                                                            set do data registe
                                                            r
  333 000000E8         ;Read-Modify-Write para escrita
  334 000000E8 680A            LDR              R2, [R1]
  335 000000EA F022 0230       BIC              R2, #2_00110000 ;Primeiro limpa
                                                            mos os dois bits do
                                                             lido da porta R2 =
                                                             R2 & 2_00110000
  336 000000EE EA40 0002       ORR              R0, R0, R2  ;Fazer o OR do lido
                                                             pela porta com o p
                                                            arâmetro de entrada
                                                            
  337 000000F2 6008            STR              R0, [R1]    ;Escreve na porta F
                                                             o barramento de da
                                                            dos dos pinos F4 e 
                                                            F0
  338 000000F4 4770            BX               LR
  339 000000F6         
  340 000000F6         ; ------------------------------------------------------
                       -------------------------
  341 000000F6         ; Função PortQ_Output
  342 000000F6         ; Parâmetro de entrada: R0 --> se os BIT3-0 estão ligado
                        ou desligado
  343 000000F6         ; Parâmetro de saída: Não tem
  344 000000F6         PortQ_Output
  345 000000F6 4926            LDR              R1, =GPIO_PORTQ_AHB_DATA_R ;Car
                                                            rega o valor do off
                                                            set do data registe
                                                            r
  346 000000F8         ;Read-Modify-Write para escrita
  347 000000F8 680A            LDR              R2, [R1]
  348 000000FA F022 020F       BIC              R2, #2_00001111 ;Primeiro limpa
                                                            mos os dois bits do
                                                             lido da porta R2 =
                                                             R2 & 2_00001111



ARM Macro Assembler    Page 16 


  349 000000FE EA40 0002       ORR              R0, R0, R2  ;Fazer o OR do lido
                                                             pela porta com o p
                                                            arâmetro de entrada
                                                            
  350 00000102 6008            STR              R0, [R1]    ;Escreve na porta F
                                                             o barramento de da
                                                            dos dos pinos F4 e 
                                                            F0
  351 00000104 4770            BX               LR
  352 00000106         
  353 00000106         ; ------------------------------------------------------
                       -------------------------
  354 00000106         ; Função PortP_Output
  355 00000106         ; Parâmetro de entrada: R0 --> se os BIT5 esta ligado ou
                        desligado
  356 00000106         ; Parâmetro de saída: Não tem
  357 00000106         PortP_Output
  358 00000106 4923            LDR              R1, =GPIO_PORTP_AHB_DATA_R ;Car
                                                            rega o valor do off
                                                            set do data registe
                                                            r
  359 00000108         ;Read-Modify-Write para escrita
  360 00000108 680A            LDR              R2, [R1]
  361 0000010A F022 0220       BIC              R2, #2_00100000 ;Primeiro limpa
                                                            mos os dois bits do
                                                             lido da porta R2 =
                                                             R2 & 2_00100000
  362 0000010E EA40 0002       ORR              R0, R0, R2  ;Fazer o OR do lido
                                                             pela porta com o p
                                                            arâmetro de entrada
                                                            
  363 00000112 6008            STR              R0, [R1]    ;Escreve na porta F
                                                             o barramento de da
                                                            dos dos pinos F4 e 
                                                            F0
  364 00000114 4770            BX               LR
  365 00000116         
  366 00000116         
  367 00000116         ; ------------------------------------------------------
                       -------------------------
  368 00000116         ; Função PortJ_Input
  369 00000116         ; Parâmetro de entrada: Não tem
  370 00000116         ; Parâmetro de saída: R0 --> o valor da leitura
  371 00000116         PortJ_Input
  372 00000116 4920            LDR              R1, =GPIO_PORTJ_AHB_DATA_R ;Car
                                                            rega o valor do off
                                                            set do data registe
                                                            r
  373 00000118 6808            LDR              R0, [R1]    ;Lê no barramento d
                                                            e dados dos pinos [
                                                            J1-J0]
  374 0000011A 4770            BX               LR          ;Retorno
  375 0000011C         
  376 0000011C         
  377 0000011C         
  378 0000011C                 ALIGN                        ; garante que o fim
                                                             da seção está alin
                                                            hada 
  379 0000011C                 END                          ; fim do arquivo



ARM Macro Assembler    Page 17 


              400FE608 
              400FEA08 
              40058528 
              40059528 
              40066528 
              40065528 
              4005852C 
              4005952C 
              4006652C 
              4006552C 
              4006052C 
              40058400 
              40059400 
              40066400 
              40065400 
              40060400 
              40058420 
              40059420 
              40066420 
              40065420 
              40060420 
              4005851C 
              4005951C 
              4006651C 
              4006551C 
              4006051C 
              40060510 
              400583FC 
              400593FC 
              400663FC 
              400653FC 
              400603FC 
Command Line: --debug --xref --diag_suppress=9931 --cpu=Cortex-M4.fp.sp --apcs=
interwork --depend=.\objects\gpio.d -o.\objects\gpio.o -IC:\Users\bruno\AppData
\Local\Arm\Packs\Keil\TM4C_DFP\1.1.0\Device\Include\TM4C129 --predefine="__EVAL
 SETA 1" --predefine="__UVISION_VERSION SETA 536" --predefine="TM4C1294NCPDT SE
TA 1" --list=.\listings\gpio.lst gpio.s



ARM Macro Assembler    Page 1 Alphabetic symbol ordering
Relocatable symbols

.text 00000000

Symbol: .text
   Definitions
      At line 185 in file gpio.s
   Uses
      None
Comment: .text unused
EsperaGPIO 0000001A

Symbol: EsperaGPIO
   Definitions
      At line 214 in file gpio.s
   Uses
      At line 221 in file gpio.s
Comment: EsperaGPIO used once
GPIO_Init 00000000

Symbol: GPIO_Init
   Definitions
      At line 200 in file gpio.s
   Uses
      At line 188 in file gpio.s
Comment: GPIO_Init used once
PortA_Output 000000D6

Symbol: PortA_Output
   Definitions
      At line 318 in file gpio.s
   Uses
      At line 189 in file gpio.s
Comment: PortA_Output used once
PortB_Output 000000E6

Symbol: PortB_Output
   Definitions
      At line 331 in file gpio.s
   Uses
      At line 190 in file gpio.s
Comment: PortB_Output used once
PortJ_Input 00000116

Symbol: PortJ_Input
   Definitions
      At line 371 in file gpio.s
   Uses
      At line 193 in file gpio.s
Comment: PortJ_Input used once
PortP_Output 00000106

Symbol: PortP_Output
   Definitions
      At line 357 in file gpio.s
   Uses
      At line 192 in file gpio.s
Comment: PortP_Output used once
PortQ_Output 000000F6

Symbol: PortQ_Output



ARM Macro Assembler    Page 2 Alphabetic symbol ordering
Relocatable symbols

   Definitions
      At line 344 in file gpio.s
   Uses
      At line 191 in file gpio.s
Comment: PortQ_Output used once
8 symbols



ARM Macro Assembler    Page 1 Alphabetic symbol ordering
Absolute symbols

GPIO_PORTA 00000001

Symbol: GPIO_PORTA
   Definitions
      At line 74 in file gpio.s
   Uses
      At line 206 in file gpio.s
      At line 215 in file gpio.s

GPIO_PORTA_AHB_ADCCTL_R 40058530

Symbol: GPIO_PORTA_AHB_ADCCTL_R
   Definitions
      At line 65 in file gpio.s
   Uses
      None
Comment: GPIO_PORTA_AHB_ADCCTL_R unused
GPIO_PORTA_AHB_AFSEL_R 40058420

Symbol: GPIO_PORTA_AHB_AFSEL_R
   Definitions
      At line 52 in file gpio.s
   Uses
      At line 273 in file gpio.s
Comment: GPIO_PORTA_AHB_AFSEL_R used once
GPIO_PORTA_AHB_AMSEL_R 40058528

Symbol: GPIO_PORTA_AHB_AMSEL_R
   Definitions
      At line 63 in file gpio.s
   Uses
      At line 225 in file gpio.s
Comment: GPIO_PORTA_AHB_AMSEL_R used once
GPIO_PORTA_AHB_CR_R 40058524

Symbol: GPIO_PORTA_AHB_CR_R
   Definitions
      At line 62 in file gpio.s
   Uses
      None
Comment: GPIO_PORTA_AHB_CR_R unused
GPIO_PORTA_AHB_DATA_BITS_R 40058000

Symbol: GPIO_PORTA_AHB_DATA_BITS_R
   Definitions
      At line 42 in file gpio.s
   Uses
      None
Comment: GPIO_PORTA_AHB_DATA_BITS_R unused
GPIO_PORTA_AHB_DATA_R 400583FC

Symbol: GPIO_PORTA_AHB_DATA_R
   Definitions
      At line 43 in file gpio.s
   Uses
      At line 319 in file gpio.s
Comment: GPIO_PORTA_AHB_DATA_R used once
GPIO_PORTA_AHB_DEN_R 4005851C




ARM Macro Assembler    Page 2 Alphabetic symbol ordering
Absolute symbols

Symbol: GPIO_PORTA_AHB_DEN_R
   Definitions
      At line 60 in file gpio.s
   Uses
      At line 285 in file gpio.s
Comment: GPIO_PORTA_AHB_DEN_R used once
GPIO_PORTA_AHB_DIR_R 40058400

Symbol: GPIO_PORTA_AHB_DIR_R
   Definitions
      At line 44 in file gpio.s
   Uses
      At line 253 in file gpio.s
Comment: GPIO_PORTA_AHB_DIR_R used once
GPIO_PORTA_AHB_DMACTL_R 40058534

Symbol: GPIO_PORTA_AHB_DMACTL_R
   Definitions
      At line 66 in file gpio.s
   Uses
      None
Comment: GPIO_PORTA_AHB_DMACTL_R unused
GPIO_PORTA_AHB_DR12R_R 4005853C

Symbol: GPIO_PORTA_AHB_DR12R_R
   Definitions
      At line 68 in file gpio.s
   Uses
      None
Comment: GPIO_PORTA_AHB_DR12R_R unused
GPIO_PORTA_AHB_DR2R_R 40058500

Symbol: GPIO_PORTA_AHB_DR2R_R
   Definitions
      At line 53 in file gpio.s
   Uses
      None
Comment: GPIO_PORTA_AHB_DR2R_R unused
GPIO_PORTA_AHB_DR4R_R 40058504

Symbol: GPIO_PORTA_AHB_DR4R_R
   Definitions
      At line 54 in file gpio.s
   Uses
      None
Comment: GPIO_PORTA_AHB_DR4R_R unused
GPIO_PORTA_AHB_DR8R_R 40058508

Symbol: GPIO_PORTA_AHB_DR8R_R
   Definitions
      At line 55 in file gpio.s
   Uses
      None
Comment: GPIO_PORTA_AHB_DR8R_R unused
GPIO_PORTA_AHB_IBE_R 40058408

Symbol: GPIO_PORTA_AHB_IBE_R
   Definitions
      At line 46 in file gpio.s



ARM Macro Assembler    Page 3 Alphabetic symbol ordering
Absolute symbols

   Uses
      None
Comment: GPIO_PORTA_AHB_IBE_R unused
GPIO_PORTA_AHB_ICR_R 4005841C

Symbol: GPIO_PORTA_AHB_ICR_R
   Definitions
      At line 51 in file gpio.s
   Uses
      None
Comment: GPIO_PORTA_AHB_ICR_R unused
GPIO_PORTA_AHB_IEV_R 4005840C

Symbol: GPIO_PORTA_AHB_IEV_R
   Definitions
      At line 47 in file gpio.s
   Uses
      None
Comment: GPIO_PORTA_AHB_IEV_R unused
GPIO_PORTA_AHB_IM_R 40058410

Symbol: GPIO_PORTA_AHB_IM_R
   Definitions
      At line 48 in file gpio.s
   Uses
      None
Comment: GPIO_PORTA_AHB_IM_R unused
GPIO_PORTA_AHB_IS_R 40058404

Symbol: GPIO_PORTA_AHB_IS_R
   Definitions
      At line 45 in file gpio.s
   Uses
      None
Comment: GPIO_PORTA_AHB_IS_R unused
GPIO_PORTA_AHB_LOCK_R 40058520

Symbol: GPIO_PORTA_AHB_LOCK_R
   Definitions
      At line 61 in file gpio.s
   Uses
      None
Comment: GPIO_PORTA_AHB_LOCK_R unused
GPIO_PORTA_AHB_MIS_R 40058418

Symbol: GPIO_PORTA_AHB_MIS_R
   Definitions
      At line 50 in file gpio.s
   Uses
      None
Comment: GPIO_PORTA_AHB_MIS_R unused
GPIO_PORTA_AHB_ODR_R 4005850C

Symbol: GPIO_PORTA_AHB_ODR_R
   Definitions
      At line 56 in file gpio.s
   Uses
      None
Comment: GPIO_PORTA_AHB_ODR_R unused



ARM Macro Assembler    Page 4 Alphabetic symbol ordering
Absolute symbols

GPIO_PORTA_AHB_PCTL_R 4005852C

Symbol: GPIO_PORTA_AHB_PCTL_R
   Definitions
      At line 64 in file gpio.s
   Uses
      At line 241 in file gpio.s
Comment: GPIO_PORTA_AHB_PCTL_R used once
GPIO_PORTA_AHB_PC_R 40058FC4

Symbol: GPIO_PORTA_AHB_PC_R
   Definitions
      At line 73 in file gpio.s
   Uses
      None
Comment: GPIO_PORTA_AHB_PC_R unused
GPIO_PORTA_AHB_PDR_R 40058514

Symbol: GPIO_PORTA_AHB_PDR_R
   Definitions
      At line 58 in file gpio.s
   Uses
      None
Comment: GPIO_PORTA_AHB_PDR_R unused
GPIO_PORTA_AHB_PP_R 40058FC0

Symbol: GPIO_PORTA_AHB_PP_R
   Definitions
      At line 72 in file gpio.s
   Uses
      None
Comment: GPIO_PORTA_AHB_PP_R unused
GPIO_PORTA_AHB_PUR_R 40058510

Symbol: GPIO_PORTA_AHB_PUR_R
   Definitions
      At line 57 in file gpio.s
   Uses
      None
Comment: GPIO_PORTA_AHB_PUR_R unused
GPIO_PORTA_AHB_RIS_R 40058414

Symbol: GPIO_PORTA_AHB_RIS_R
   Definitions
      At line 49 in file gpio.s
   Uses
      None
Comment: GPIO_PORTA_AHB_RIS_R unused
GPIO_PORTA_AHB_SI_R 40058538

Symbol: GPIO_PORTA_AHB_SI_R
   Definitions
      At line 67 in file gpio.s
   Uses
      None
Comment: GPIO_PORTA_AHB_SI_R unused
GPIO_PORTA_AHB_SLR_R 40058518

Symbol: GPIO_PORTA_AHB_SLR_R



ARM Macro Assembler    Page 5 Alphabetic symbol ordering
Absolute symbols

   Definitions
      At line 59 in file gpio.s
   Uses
      None
Comment: GPIO_PORTA_AHB_SLR_R unused
GPIO_PORTA_AHB_WAKELVL_R 40058544

Symbol: GPIO_PORTA_AHB_WAKELVL_R
   Definitions
      At line 70 in file gpio.s
   Uses
      None
Comment: GPIO_PORTA_AHB_WAKELVL_R unused
GPIO_PORTA_AHB_WAKEPEN_R 40058540

Symbol: GPIO_PORTA_AHB_WAKEPEN_R
   Definitions
      At line 69 in file gpio.s
   Uses
      None
Comment: GPIO_PORTA_AHB_WAKEPEN_R unused
GPIO_PORTA_AHB_WAKESTAT_R 40058548

Symbol: GPIO_PORTA_AHB_WAKESTAT_R
   Definitions
      At line 71 in file gpio.s
   Uses
      None
Comment: GPIO_PORTA_AHB_WAKESTAT_R unused
GPIO_PORTB 00000002

Symbol: GPIO_PORTB
   Definitions
      At line 108 in file gpio.s
   Uses
      At line 207 in file gpio.s
      At line 216 in file gpio.s

GPIO_PORTB_AHB_ADCCTL_R 40059530

Symbol: GPIO_PORTB_AHB_ADCCTL_R
   Definitions
      At line 99 in file gpio.s
   Uses
      None
Comment: GPIO_PORTB_AHB_ADCCTL_R unused
GPIO_PORTB_AHB_AFSEL_R 40059420

Symbol: GPIO_PORTB_AHB_AFSEL_R
   Definitions
      At line 86 in file gpio.s
   Uses
      At line 275 in file gpio.s
Comment: GPIO_PORTB_AHB_AFSEL_R used once
GPIO_PORTB_AHB_AMSEL_R 40059528

Symbol: GPIO_PORTB_AHB_AMSEL_R
   Definitions
      At line 97 in file gpio.s



ARM Macro Assembler    Page 6 Alphabetic symbol ordering
Absolute symbols

   Uses
      At line 227 in file gpio.s
Comment: GPIO_PORTB_AHB_AMSEL_R used once
GPIO_PORTB_AHB_CR_R 40059524

Symbol: GPIO_PORTB_AHB_CR_R
   Definitions
      At line 96 in file gpio.s
   Uses
      None
Comment: GPIO_PORTB_AHB_CR_R unused
GPIO_PORTB_AHB_DATA_BITS_R 40059000

Symbol: GPIO_PORTB_AHB_DATA_BITS_R
   Definitions
      At line 76 in file gpio.s
   Uses
      None
Comment: GPIO_PORTB_AHB_DATA_BITS_R unused
GPIO_PORTB_AHB_DATA_R 400593FC

Symbol: GPIO_PORTB_AHB_DATA_R
   Definitions
      At line 77 in file gpio.s
   Uses
      At line 332 in file gpio.s
Comment: GPIO_PORTB_AHB_DATA_R used once
GPIO_PORTB_AHB_DEN_R 4005951C

Symbol: GPIO_PORTB_AHB_DEN_R
   Definitions
      At line 94 in file gpio.s
   Uses
      At line 289 in file gpio.s
Comment: GPIO_PORTB_AHB_DEN_R used once
GPIO_PORTB_AHB_DIR_R 40059400

Symbol: GPIO_PORTB_AHB_DIR_R
   Definitions
      At line 78 in file gpio.s
   Uses
      At line 257 in file gpio.s
Comment: GPIO_PORTB_AHB_DIR_R used once
GPIO_PORTB_AHB_DMACTL_R 40059534

Symbol: GPIO_PORTB_AHB_DMACTL_R
   Definitions
      At line 100 in file gpio.s
   Uses
      None
Comment: GPIO_PORTB_AHB_DMACTL_R unused
GPIO_PORTB_AHB_DR12R_R 4005953C

Symbol: GPIO_PORTB_AHB_DR12R_R
   Definitions
      At line 102 in file gpio.s
   Uses
      None
Comment: GPIO_PORTB_AHB_DR12R_R unused



ARM Macro Assembler    Page 7 Alphabetic symbol ordering
Absolute symbols

GPIO_PORTB_AHB_DR2R_R 40059500

Symbol: GPIO_PORTB_AHB_DR2R_R
   Definitions
      At line 87 in file gpio.s
   Uses
      None
Comment: GPIO_PORTB_AHB_DR2R_R unused
GPIO_PORTB_AHB_DR4R_R 40059504

Symbol: GPIO_PORTB_AHB_DR4R_R
   Definitions
      At line 88 in file gpio.s
   Uses
      None
Comment: GPIO_PORTB_AHB_DR4R_R unused
GPIO_PORTB_AHB_DR8R_R 40059508

Symbol: GPIO_PORTB_AHB_DR8R_R
   Definitions
      At line 89 in file gpio.s
   Uses
      None
Comment: GPIO_PORTB_AHB_DR8R_R unused
GPIO_PORTB_AHB_IBE_R 40059408

Symbol: GPIO_PORTB_AHB_IBE_R
   Definitions
      At line 80 in file gpio.s
   Uses
      None
Comment: GPIO_PORTB_AHB_IBE_R unused
GPIO_PORTB_AHB_ICR_R 4005941C

Symbol: GPIO_PORTB_AHB_ICR_R
   Definitions
      At line 85 in file gpio.s
   Uses
      None
Comment: GPIO_PORTB_AHB_ICR_R unused
GPIO_PORTB_AHB_IEV_R 4005940C

Symbol: GPIO_PORTB_AHB_IEV_R
   Definitions
      At line 81 in file gpio.s
   Uses
      None
Comment: GPIO_PORTB_AHB_IEV_R unused
GPIO_PORTB_AHB_IM_R 40059410

Symbol: GPIO_PORTB_AHB_IM_R
   Definitions
      At line 82 in file gpio.s
   Uses
      None
Comment: GPIO_PORTB_AHB_IM_R unused
GPIO_PORTB_AHB_IS_R 40059404

Symbol: GPIO_PORTB_AHB_IS_R



ARM Macro Assembler    Page 8 Alphabetic symbol ordering
Absolute symbols

   Definitions
      At line 79 in file gpio.s
   Uses
      None
Comment: GPIO_PORTB_AHB_IS_R unused
GPIO_PORTB_AHB_LOCK_R 40059520

Symbol: GPIO_PORTB_AHB_LOCK_R
   Definitions
      At line 95 in file gpio.s
   Uses
      None
Comment: GPIO_PORTB_AHB_LOCK_R unused
GPIO_PORTB_AHB_MIS_R 40059418

Symbol: GPIO_PORTB_AHB_MIS_R
   Definitions
      At line 84 in file gpio.s
   Uses
      None
Comment: GPIO_PORTB_AHB_MIS_R unused
GPIO_PORTB_AHB_ODR_R 4005950C

Symbol: GPIO_PORTB_AHB_ODR_R
   Definitions
      At line 90 in file gpio.s
   Uses
      None
Comment: GPIO_PORTB_AHB_ODR_R unused
GPIO_PORTB_AHB_PCTL_R 4005952C

Symbol: GPIO_PORTB_AHB_PCTL_R
   Definitions
      At line 98 in file gpio.s
   Uses
      At line 243 in file gpio.s
Comment: GPIO_PORTB_AHB_PCTL_R used once
GPIO_PORTB_AHB_PC_R 40059FC4

Symbol: GPIO_PORTB_AHB_PC_R
   Definitions
      At line 107 in file gpio.s
   Uses
      None
Comment: GPIO_PORTB_AHB_PC_R unused
GPIO_PORTB_AHB_PDR_R 40059514

Symbol: GPIO_PORTB_AHB_PDR_R
   Definitions
      At line 92 in file gpio.s
   Uses
      None
Comment: GPIO_PORTB_AHB_PDR_R unused
GPIO_PORTB_AHB_PP_R 40059FC0

Symbol: GPIO_PORTB_AHB_PP_R
   Definitions
      At line 106 in file gpio.s
   Uses



ARM Macro Assembler    Page 9 Alphabetic symbol ordering
Absolute symbols

      None
Comment: GPIO_PORTB_AHB_PP_R unused
GPIO_PORTB_AHB_PUR_R 40059510

Symbol: GPIO_PORTB_AHB_PUR_R
   Definitions
      At line 91 in file gpio.s
   Uses
      None
Comment: GPIO_PORTB_AHB_PUR_R unused
GPIO_PORTB_AHB_RIS_R 40059414

Symbol: GPIO_PORTB_AHB_RIS_R
   Definitions
      At line 83 in file gpio.s
   Uses
      None
Comment: GPIO_PORTB_AHB_RIS_R unused
GPIO_PORTB_AHB_SI_R 40059538

Symbol: GPIO_PORTB_AHB_SI_R
   Definitions
      At line 101 in file gpio.s
   Uses
      None
Comment: GPIO_PORTB_AHB_SI_R unused
GPIO_PORTB_AHB_SLR_R 40059518

Symbol: GPIO_PORTB_AHB_SLR_R
   Definitions
      At line 93 in file gpio.s
   Uses
      None
Comment: GPIO_PORTB_AHB_SLR_R unused
GPIO_PORTB_AHB_WAKELVL_R 40059544

Symbol: GPIO_PORTB_AHB_WAKELVL_R
   Definitions
      At line 104 in file gpio.s
   Uses
      None
Comment: GPIO_PORTB_AHB_WAKELVL_R unused
GPIO_PORTB_AHB_WAKEPEN_R 40059540

Symbol: GPIO_PORTB_AHB_WAKEPEN_R
   Definitions
      At line 103 in file gpio.s
   Uses
      None
Comment: GPIO_PORTB_AHB_WAKEPEN_R unused
GPIO_PORTB_AHB_WAKESTAT_R 40059548

Symbol: GPIO_PORTB_AHB_WAKESTAT_R
   Definitions
      At line 105 in file gpio.s
   Uses
      None
Comment: GPIO_PORTB_AHB_WAKESTAT_R unused
GPIO_PORTF 00000020



ARM Macro Assembler    Page 10 Alphabetic symbol ordering
Absolute symbols


Symbol: GPIO_PORTF
   Definitions
      At line 40 in file gpio.s
   Uses
      None
Comment: GPIO_PORTF unused
GPIO_PORTF_AHB_AFSEL_R 4005D420

Symbol: GPIO_PORTF_AHB_AFSEL_R
   Definitions
      At line 36 in file gpio.s
   Uses
      None
Comment: GPIO_PORTF_AHB_AFSEL_R unused
GPIO_PORTF_AHB_AMSEL_R 4005D528

Symbol: GPIO_PORTF_AHB_AMSEL_R
   Definitions
      At line 33 in file gpio.s
   Uses
      None
Comment: GPIO_PORTF_AHB_AMSEL_R unused
GPIO_PORTF_AHB_CR_R 4005D524

Symbol: GPIO_PORTF_AHB_CR_R
   Definitions
      At line 32 in file gpio.s
   Uses
      None
Comment: GPIO_PORTF_AHB_CR_R unused
GPIO_PORTF_AHB_DATA_R 4005D3FC

Symbol: GPIO_PORTF_AHB_DATA_R
   Definitions
      At line 39 in file gpio.s
   Uses
      None
Comment: GPIO_PORTF_AHB_DATA_R unused
GPIO_PORTF_AHB_DEN_R 4005D51C

Symbol: GPIO_PORTF_AHB_DEN_R
   Definitions
      At line 37 in file gpio.s
   Uses
      None
Comment: GPIO_PORTF_AHB_DEN_R unused
GPIO_PORTF_AHB_DIR_R 4005D400

Symbol: GPIO_PORTF_AHB_DIR_R
   Definitions
      At line 35 in file gpio.s
   Uses
      None
Comment: GPIO_PORTF_AHB_DIR_R unused
GPIO_PORTF_AHB_LOCK_R 4005D520

Symbol: GPIO_PORTF_AHB_LOCK_R
   Definitions



ARM Macro Assembler    Page 11 Alphabetic symbol ordering
Absolute symbols

      At line 31 in file gpio.s
   Uses
      None
Comment: GPIO_PORTF_AHB_LOCK_R unused
GPIO_PORTF_AHB_PCTL_R 4005D52C

Symbol: GPIO_PORTF_AHB_PCTL_R
   Definitions
      At line 34 in file gpio.s
   Uses
      None
Comment: GPIO_PORTF_AHB_PCTL_R unused
GPIO_PORTF_AHB_PUR_R 4005D510

Symbol: GPIO_PORTF_AHB_PUR_R
   Definitions
      At line 38 in file gpio.s
   Uses
      None
Comment: GPIO_PORTF_AHB_PUR_R unused
GPIO_PORTJ 00000100

Symbol: GPIO_PORTJ
   Definitions
      At line 27 in file gpio.s
   Uses
      At line 210 in file gpio.s
      At line 219 in file gpio.s

GPIO_PORTJ_AHB_AFSEL_R 40060420

Symbol: GPIO_PORTJ_AHB_AFSEL_R
   Definitions
      At line 23 in file gpio.s
   Uses
      At line 281 in file gpio.s
Comment: GPIO_PORTJ_AHB_AFSEL_R used once
GPIO_PORTJ_AHB_AMSEL_R 40060528

Symbol: GPIO_PORTJ_AHB_AMSEL_R
   Definitions
      At line 20 in file gpio.s
   Uses
      None
Comment: GPIO_PORTJ_AHB_AMSEL_R unused
GPIO_PORTJ_AHB_CR_R 40060524

Symbol: GPIO_PORTJ_AHB_CR_R
   Definitions
      At line 19 in file gpio.s
   Uses
      None
Comment: GPIO_PORTJ_AHB_CR_R unused
GPIO_PORTJ_AHB_DATA_R 400603FC

Symbol: GPIO_PORTJ_AHB_DATA_R
   Definitions
      At line 26 in file gpio.s
   Uses



ARM Macro Assembler    Page 12 Alphabetic symbol ordering
Absolute symbols

      At line 372 in file gpio.s
Comment: GPIO_PORTJ_AHB_DATA_R used once
GPIO_PORTJ_AHB_DEN_R 4006051C

Symbol: GPIO_PORTJ_AHB_DEN_R
   Definitions
      At line 24 in file gpio.s
   Uses
      At line 301 in file gpio.s
Comment: GPIO_PORTJ_AHB_DEN_R used once
GPIO_PORTJ_AHB_DIR_R 40060400

Symbol: GPIO_PORTJ_AHB_DIR_R
   Definitions
      At line 22 in file gpio.s
   Uses
      At line 266 in file gpio.s
Comment: GPIO_PORTJ_AHB_DIR_R used once
GPIO_PORTJ_AHB_LOCK_R 40060520

Symbol: GPIO_PORTJ_AHB_LOCK_R
   Definitions
      At line 18 in file gpio.s
   Uses
      None
Comment: GPIO_PORTJ_AHB_LOCK_R unused
GPIO_PORTJ_AHB_PCTL_R 4006052C

Symbol: GPIO_PORTJ_AHB_PCTL_R
   Definitions
      At line 21 in file gpio.s
   Uses
      At line 249 in file gpio.s
Comment: GPIO_PORTJ_AHB_PCTL_R used once
GPIO_PORTJ_AHB_PUR_R 40060510

Symbol: GPIO_PORTJ_AHB_PUR_R
   Definitions
      At line 25 in file gpio.s
   Uses
      At line 306 in file gpio.s
Comment: GPIO_PORTJ_AHB_PUR_R used once
GPIO_PORTP 00002000

Symbol: GPIO_PORTP
   Definitions
      At line 142 in file gpio.s
   Uses
      At line 209 in file gpio.s
      At line 218 in file gpio.s

GPIO_PORTP_AHB_ADCCTL_R 40065530

Symbol: GPIO_PORTP_AHB_ADCCTL_R
   Definitions
      At line 133 in file gpio.s
   Uses
      None
Comment: GPIO_PORTP_AHB_ADCCTL_R unused



ARM Macro Assembler    Page 13 Alphabetic symbol ordering
Absolute symbols

GPIO_PORTP_AHB_AFSEL_R 40065420

Symbol: GPIO_PORTP_AHB_AFSEL_R
   Definitions
      At line 120 in file gpio.s
   Uses
      At line 279 in file gpio.s
Comment: GPIO_PORTP_AHB_AFSEL_R used once
GPIO_PORTP_AHB_AMSEL_R 40065528

Symbol: GPIO_PORTP_AHB_AMSEL_R
   Definitions
      At line 131 in file gpio.s
   Uses
      At line 233 in file gpio.s
      At line 235 in file gpio.s

GPIO_PORTP_AHB_CR_R 40065524

Symbol: GPIO_PORTP_AHB_CR_R
   Definitions
      At line 130 in file gpio.s
   Uses
      None
Comment: GPIO_PORTP_AHB_CR_R unused
GPIO_PORTP_AHB_DATA_BITS_R 40065000

Symbol: GPIO_PORTP_AHB_DATA_BITS_R
   Definitions
      At line 110 in file gpio.s
   Uses
      None
Comment: GPIO_PORTP_AHB_DATA_BITS_R unused
GPIO_PORTP_AHB_DATA_R 400653FC

Symbol: GPIO_PORTP_AHB_DATA_R
   Definitions
      At line 111 in file gpio.s
   Uses
      At line 358 in file gpio.s
Comment: GPIO_PORTP_AHB_DATA_R used once
GPIO_PORTP_AHB_DEN_R 4006551C

Symbol: GPIO_PORTP_AHB_DEN_R
   Definitions
      At line 128 in file gpio.s
   Uses
      At line 297 in file gpio.s
Comment: GPIO_PORTP_AHB_DEN_R used once
GPIO_PORTP_AHB_DIR_R 40065400

Symbol: GPIO_PORTP_AHB_DIR_R
   Definitions
      At line 112 in file gpio.s
   Uses
      At line 263 in file gpio.s
Comment: GPIO_PORTP_AHB_DIR_R used once
GPIO_PORTP_AHB_DMACTL_R 40065534




ARM Macro Assembler    Page 14 Alphabetic symbol ordering
Absolute symbols

Symbol: GPIO_PORTP_AHB_DMACTL_R
   Definitions
      At line 134 in file gpio.s
   Uses
      None
Comment: GPIO_PORTP_AHB_DMACTL_R unused
GPIO_PORTP_AHB_DR12R_R 4006553C

Symbol: GPIO_PORTP_AHB_DR12R_R
   Definitions
      At line 136 in file gpio.s
   Uses
      None
Comment: GPIO_PORTP_AHB_DR12R_R unused
GPIO_PORTP_AHB_DR2R_R 40065500

Symbol: GPIO_PORTP_AHB_DR2R_R
   Definitions
      At line 121 in file gpio.s
   Uses
      None
Comment: GPIO_PORTP_AHB_DR2R_R unused
GPIO_PORTP_AHB_DR4R_R 40065504

Symbol: GPIO_PORTP_AHB_DR4R_R
   Definitions
      At line 122 in file gpio.s
   Uses
      None
Comment: GPIO_PORTP_AHB_DR4R_R unused
GPIO_PORTP_AHB_DR8R_R 40065508

Symbol: GPIO_PORTP_AHB_DR8R_R
   Definitions
      At line 123 in file gpio.s
   Uses
      None
Comment: GPIO_PORTP_AHB_DR8R_R unused
GPIO_PORTP_AHB_IBE_R 40065408

Symbol: GPIO_PORTP_AHB_IBE_R
   Definitions
      At line 114 in file gpio.s
   Uses
      None
Comment: GPIO_PORTP_AHB_IBE_R unused
GPIO_PORTP_AHB_ICR_R 4006541C

Symbol: GPIO_PORTP_AHB_ICR_R
   Definitions
      At line 119 in file gpio.s
   Uses
      None
Comment: GPIO_PORTP_AHB_ICR_R unused
GPIO_PORTP_AHB_IEV_R 4006540C

Symbol: GPIO_PORTP_AHB_IEV_R
   Definitions
      At line 115 in file gpio.s



ARM Macro Assembler    Page 15 Alphabetic symbol ordering
Absolute symbols

   Uses
      None
Comment: GPIO_PORTP_AHB_IEV_R unused
GPIO_PORTP_AHB_IM_R 40065410

Symbol: GPIO_PORTP_AHB_IM_R
   Definitions
      At line 116 in file gpio.s
   Uses
      None
Comment: GPIO_PORTP_AHB_IM_R unused
GPIO_PORTP_AHB_IS_R 40065404

Symbol: GPIO_PORTP_AHB_IS_R
   Definitions
      At line 113 in file gpio.s
   Uses
      None
Comment: GPIO_PORTP_AHB_IS_R unused
GPIO_PORTP_AHB_LOCK_R 40065520

Symbol: GPIO_PORTP_AHB_LOCK_R
   Definitions
      At line 129 in file gpio.s
   Uses
      None
Comment: GPIO_PORTP_AHB_LOCK_R unused
GPIO_PORTP_AHB_MIS_R 40065418

Symbol: GPIO_PORTP_AHB_MIS_R
   Definitions
      At line 118 in file gpio.s
   Uses
      None
Comment: GPIO_PORTP_AHB_MIS_R unused
GPIO_PORTP_AHB_ODR_R 4006550C

Symbol: GPIO_PORTP_AHB_ODR_R
   Definitions
      At line 124 in file gpio.s
   Uses
      None
Comment: GPIO_PORTP_AHB_ODR_R unused
GPIO_PORTP_AHB_PCTL_R 4006552C

Symbol: GPIO_PORTP_AHB_PCTL_R
   Definitions
      At line 132 in file gpio.s
   Uses
      At line 247 in file gpio.s
Comment: GPIO_PORTP_AHB_PCTL_R used once
GPIO_PORTP_AHB_PC_R 40065FC4

Symbol: GPIO_PORTP_AHB_PC_R
   Definitions
      At line 141 in file gpio.s
   Uses
      None
Comment: GPIO_PORTP_AHB_PC_R unused



ARM Macro Assembler    Page 16 Alphabetic symbol ordering
Absolute symbols

GPIO_PORTP_AHB_PDR_R 40065514

Symbol: GPIO_PORTP_AHB_PDR_R
   Definitions
      At line 126 in file gpio.s
   Uses
      None
Comment: GPIO_PORTP_AHB_PDR_R unused
GPIO_PORTP_AHB_PP_R 40065FC0

Symbol: GPIO_PORTP_AHB_PP_R
   Definitions
      At line 140 in file gpio.s
   Uses
      None
Comment: GPIO_PORTP_AHB_PP_R unused
GPIO_PORTP_AHB_PUR_R 40065510

Symbol: GPIO_PORTP_AHB_PUR_R
   Definitions
      At line 125 in file gpio.s
   Uses
      None
Comment: GPIO_PORTP_AHB_PUR_R unused
GPIO_PORTP_AHB_RIS_R 40065414

Symbol: GPIO_PORTP_AHB_RIS_R
   Definitions
      At line 117 in file gpio.s
   Uses
      None
Comment: GPIO_PORTP_AHB_RIS_R unused
GPIO_PORTP_AHB_SI_R 40065538

Symbol: GPIO_PORTP_AHB_SI_R
   Definitions
      At line 135 in file gpio.s
   Uses
      None
Comment: GPIO_PORTP_AHB_SI_R unused
GPIO_PORTP_AHB_SLR_R 40065518

Symbol: GPIO_PORTP_AHB_SLR_R
   Definitions
      At line 127 in file gpio.s
   Uses
      None
Comment: GPIO_PORTP_AHB_SLR_R unused
GPIO_PORTP_AHB_WAKELVL_R 40065544

Symbol: GPIO_PORTP_AHB_WAKELVL_R
   Definitions
      At line 138 in file gpio.s
   Uses
      None
Comment: GPIO_PORTP_AHB_WAKELVL_R unused
GPIO_PORTP_AHB_WAKEPEN_R 40065540

Symbol: GPIO_PORTP_AHB_WAKEPEN_R



ARM Macro Assembler    Page 17 Alphabetic symbol ordering
Absolute symbols

   Definitions
      At line 137 in file gpio.s
   Uses
      None
Comment: GPIO_PORTP_AHB_WAKEPEN_R unused
GPIO_PORTP_AHB_WAKESTAT_R 40065548

Symbol: GPIO_PORTP_AHB_WAKESTAT_R
   Definitions
      At line 139 in file gpio.s
   Uses
      None
Comment: GPIO_PORTP_AHB_WAKESTAT_R unused
GPIO_PORTQ 00004000

Symbol: GPIO_PORTQ
   Definitions
      At line 177 in file gpio.s
   Uses
      At line 208 in file gpio.s
      At line 217 in file gpio.s

GPIO_PORTQ_AHB_ADCCTL_R 40066530

Symbol: GPIO_PORTQ_AHB_ADCCTL_R
   Definitions
      At line 168 in file gpio.s
   Uses
      None
Comment: GPIO_PORTQ_AHB_ADCCTL_R unused
GPIO_PORTQ_AHB_AFSEL_R 40066420

Symbol: GPIO_PORTQ_AHB_AFSEL_R
   Definitions
      At line 155 in file gpio.s
   Uses
      At line 277 in file gpio.s
Comment: GPIO_PORTQ_AHB_AFSEL_R used once
GPIO_PORTQ_AHB_AMSEL_R 40066528

Symbol: GPIO_PORTQ_AHB_AMSEL_R
   Definitions
      At line 166 in file gpio.s
   Uses
      At line 229 in file gpio.s
Comment: GPIO_PORTQ_AHB_AMSEL_R used once
GPIO_PORTQ_AHB_CR_R 40066524

Symbol: GPIO_PORTQ_AHB_CR_R
   Definitions
      At line 165 in file gpio.s
   Uses
      None
Comment: GPIO_PORTQ_AHB_CR_R unused
GPIO_PORTQ_AHB_DATA_BITS_R 40066000

Symbol: GPIO_PORTQ_AHB_DATA_BITS_R
   Definitions
      At line 145 in file gpio.s



ARM Macro Assembler    Page 18 Alphabetic symbol ordering
Absolute symbols

   Uses
      None
Comment: GPIO_PORTQ_AHB_DATA_BITS_R unused
GPIO_PORTQ_AHB_DATA_R 400663FC

Symbol: GPIO_PORTQ_AHB_DATA_R
   Definitions
      At line 146 in file gpio.s
   Uses
      At line 345 in file gpio.s
Comment: GPIO_PORTQ_AHB_DATA_R used once
GPIO_PORTQ_AHB_DEN_R 4006651C

Symbol: GPIO_PORTQ_AHB_DEN_R
   Definitions
      At line 163 in file gpio.s
   Uses
      At line 293 in file gpio.s
Comment: GPIO_PORTQ_AHB_DEN_R used once
GPIO_PORTQ_AHB_DIR_R 40066400

Symbol: GPIO_PORTQ_AHB_DIR_R
   Definitions
      At line 147 in file gpio.s
   Uses
      At line 260 in file gpio.s
Comment: GPIO_PORTQ_AHB_DIR_R used once
GPIO_PORTQ_AHB_DMACTL_R 40066534

Symbol: GPIO_PORTQ_AHB_DMACTL_R
   Definitions
      At line 169 in file gpio.s
   Uses
      None
Comment: GPIO_PORTQ_AHB_DMACTL_R unused
GPIO_PORTQ_AHB_DR12R_R 4006653C

Symbol: GPIO_PORTQ_AHB_DR12R_R
   Definitions
      At line 171 in file gpio.s
   Uses
      None
Comment: GPIO_PORTQ_AHB_DR12R_R unused
GPIO_PORTQ_AHB_DR2R_R 40066500

Symbol: GPIO_PORTQ_AHB_DR2R_R
   Definitions
      At line 156 in file gpio.s
   Uses
      None
Comment: GPIO_PORTQ_AHB_DR2R_R unused
GPIO_PORTQ_AHB_DR4R_R 40066504

Symbol: GPIO_PORTQ_AHB_DR4R_R
   Definitions
      At line 157 in file gpio.s
   Uses
      None
Comment: GPIO_PORTQ_AHB_DR4R_R unused



ARM Macro Assembler    Page 19 Alphabetic symbol ordering
Absolute symbols

GPIO_PORTQ_AHB_DR8R_R 40066508

Symbol: GPIO_PORTQ_AHB_DR8R_R
   Definitions
      At line 158 in file gpio.s
   Uses
      None
Comment: GPIO_PORTQ_AHB_DR8R_R unused
GPIO_PORTQ_AHB_IBE_R 40066408

Symbol: GPIO_PORTQ_AHB_IBE_R
   Definitions
      At line 149 in file gpio.s
   Uses
      None
Comment: GPIO_PORTQ_AHB_IBE_R unused
GPIO_PORTQ_AHB_ICR_R 4006641C

Symbol: GPIO_PORTQ_AHB_ICR_R
   Definitions
      At line 154 in file gpio.s
   Uses
      None
Comment: GPIO_PORTQ_AHB_ICR_R unused
GPIO_PORTQ_AHB_IEV_R 4006640C

Symbol: GPIO_PORTQ_AHB_IEV_R
   Definitions
      At line 150 in file gpio.s
   Uses
      None
Comment: GPIO_PORTQ_AHB_IEV_R unused
GPIO_PORTQ_AHB_IM_R 40066410

Symbol: GPIO_PORTQ_AHB_IM_R
   Definitions
      At line 151 in file gpio.s
   Uses
      None
Comment: GPIO_PORTQ_AHB_IM_R unused
GPIO_PORTQ_AHB_IS_R 40066404

Symbol: GPIO_PORTQ_AHB_IS_R
   Definitions
      At line 148 in file gpio.s
   Uses
      None
Comment: GPIO_PORTQ_AHB_IS_R unused
GPIO_PORTQ_AHB_LOCK_R 40066520

Symbol: GPIO_PORTQ_AHB_LOCK_R
   Definitions
      At line 164 in file gpio.s
   Uses
      None
Comment: GPIO_PORTQ_AHB_LOCK_R unused
GPIO_PORTQ_AHB_MIS_R 40066418

Symbol: GPIO_PORTQ_AHB_MIS_R



ARM Macro Assembler    Page 20 Alphabetic symbol ordering
Absolute symbols

   Definitions
      At line 153 in file gpio.s
   Uses
      None
Comment: GPIO_PORTQ_AHB_MIS_R unused
GPIO_PORTQ_AHB_ODR_R 4006650C

Symbol: GPIO_PORTQ_AHB_ODR_R
   Definitions
      At line 159 in file gpio.s
   Uses
      None
Comment: GPIO_PORTQ_AHB_ODR_R unused
GPIO_PORTQ_AHB_PCTL_R 4006652C

Symbol: GPIO_PORTQ_AHB_PCTL_R
   Definitions
      At line 167 in file gpio.s
   Uses
      At line 245 in file gpio.s
Comment: GPIO_PORTQ_AHB_PCTL_R used once
GPIO_PORTQ_AHB_PC_R 40066FC4

Symbol: GPIO_PORTQ_AHB_PC_R
   Definitions
      At line 176 in file gpio.s
   Uses
      None
Comment: GPIO_PORTQ_AHB_PC_R unused
GPIO_PORTQ_AHB_PDR_R 40066514

Symbol: GPIO_PORTQ_AHB_PDR_R
   Definitions
      At line 161 in file gpio.s
   Uses
      None
Comment: GPIO_PORTQ_AHB_PDR_R unused
GPIO_PORTQ_AHB_PP_R 40066FC0

Symbol: GPIO_PORTQ_AHB_PP_R
   Definitions
      At line 175 in file gpio.s
   Uses
      None
Comment: GPIO_PORTQ_AHB_PP_R unused
GPIO_PORTQ_AHB_PUR_R 40066510

Symbol: GPIO_PORTQ_AHB_PUR_R
   Definitions
      At line 160 in file gpio.s
   Uses
      None
Comment: GPIO_PORTQ_AHB_PUR_R unused
GPIO_PORTQ_AHB_RIS_R 40066414

Symbol: GPIO_PORTQ_AHB_RIS_R
   Definitions
      At line 152 in file gpio.s
   Uses



ARM Macro Assembler    Page 21 Alphabetic symbol ordering
Absolute symbols

      None
Comment: GPIO_PORTQ_AHB_RIS_R unused
GPIO_PORTQ_AHB_SI_R 40066538

Symbol: GPIO_PORTQ_AHB_SI_R
   Definitions
      At line 170 in file gpio.s
   Uses
      None
Comment: GPIO_PORTQ_AHB_SI_R unused
GPIO_PORTQ_AHB_SLR_R 40066518

Symbol: GPIO_PORTQ_AHB_SLR_R
   Definitions
      At line 162 in file gpio.s
   Uses
      None
Comment: GPIO_PORTQ_AHB_SLR_R unused
GPIO_PORTQ_AHB_WAKELVL_R 40066544

Symbol: GPIO_PORTQ_AHB_WAKELVL_R
   Definitions
      At line 173 in file gpio.s
   Uses
      None
Comment: GPIO_PORTQ_AHB_WAKELVL_R unused
GPIO_PORTQ_AHB_WAKEPEN_R 40066540

Symbol: GPIO_PORTQ_AHB_WAKEPEN_R
   Definitions
      At line 172 in file gpio.s
   Uses
      None
Comment: GPIO_PORTQ_AHB_WAKEPEN_R unused
GPIO_PORTQ_AHB_WAKESTAT_R 40066548

Symbol: GPIO_PORTQ_AHB_WAKESTAT_R
   Definitions
      At line 174 in file gpio.s
   Uses
      None
Comment: GPIO_PORTQ_AHB_WAKESTAT_R unused
SYSCTL_PRGPIO_R 400FEA08

Symbol: SYSCTL_PRGPIO_R
   Definitions
      At line 14 in file gpio.s
   Uses
      At line 213 in file gpio.s
Comment: SYSCTL_PRGPIO_R used once
SYSCTL_RCGCGPIO_R 400FE608

Symbol: SYSCTL_RCGCGPIO_R
   Definitions
      At line 13 in file gpio.s
   Uses
      At line 205 in file gpio.s
Comment: SYSCTL_RCGCGPIO_R used once
154 symbols



ARM Macro Assembler    Page 22 Alphabetic symbol ordering
Absolute symbols

498 symbols in table
