


ARM Macro Assembler    Page 1 


    1 00000000         
    2 00000000         ; ------------------------------------------------------
                       -------------------------
    3 00000000                 THUMB                        ; Instruções do tip
                                                            o Thumb-2
    4 00000000         ; ------------------------------------------------------
                       -------------------------
    5 00000000         
    6 00000000         
    7 00000000         ; ------------------------------------------------------
                       -------------------------
    8 00000000         ; Área de Dados - Declarações de variáveis
    9 00000000                 AREA             DATA, ALIGN=2
   10 00000000         ; Se alguma variável for chamada em outro arquivo
   11 00000000         ;EXPORT  <var> [DATA,SIZE=<tam>]   ; Permite chamar a va
                       riável <var> a 
   12 00000000         ; partir de outro arquivo
   13 00000000         ;<var> SPACE <tam>                        ; Declara uma 
                       variável de nome <var>
   14 00000000         ; de <tam> bytes a partir da primeira 
   15 00000000         ; posição da RAM  
   16 00000000         ; ------------------------------------------------------
                       -------------------------
   17 00000000         ; Área de Código - Tudo abaixo da diretiva a seguir será
                        armazenado na memória de 
   18 00000000         ;                  código
   19 00000000                 AREA             |.text|, CODE, READONLY, ALIGN=
2
   20 00000000         
   21 00000000                 EXPORT           MainLoop
   22 00000000         
   23 00000000                 EXPORT           Start       ; Permite chamar a 
                                                            função Start a part
                                                            ir de 
   24 00000000         ; outro arquivo. No caso startup.s
   25 00000000         
   26 00000000         ; Se chamar alguma função externa 
   27 00000000         ;IMPORT <func>              ; Permite chamar dentro dest
                       e arquivo uma 
   28 00000000         ; função <func>
   29 00000000         
   30 00000000                 EXPORT           zerar_memoria
   31 00000000                 IMPORT           PLL_Init
   32 00000000                 IMPORT           SysTick_Init
   33 00000000                 IMPORT           SysTick_Wait1ms
   34 00000000         
   35 00000000                 IMPORT           GPIO_Init
   36 00000000                 IMPORT           PortA_Output
   37 00000000                 IMPORT           PortP_Output
   38 00000000                 IMPORT           PortQ_Output
   39 00000000         
   40 00000000                 IMPORT           LCD_Init
   41 00000000                 IMPORT           LCD_Line2
   42 00000000                 IMPORT           LCD_Reset
   43 00000000                 IMPORT           LCD_PrintString
   44 00000000         
   45 00000000                 IMPORT           MapMatrixKeyboard
   46 00000000                 IMPORT           print_tabuada
   47 00000000                 IMPORT           update_tabuada



ARM Macro Assembler    Page 2 


   48 00000000                 EXPORT           BlinkLED
   49 00000000         
   50 00000000         ; ------------------------------------------------------
                       -------------------------
   51 00000000         Start
   52 00000000 F7FF FFFE       BL               PLL_Init    ; Chama a subrotina
                                                             para alterar o clo
                                                            ck do microcontrola
                                                            dor para 80MHz
   53 00000004 F7FF FFFE       BL               SysTick_Init ; Chama a subrotin
                                                            a para inicializar 
                                                            o SysTick
   54 00000008 F7FF FFFE       BL               GPIO_Init   ; Chama a subrotina
                                                             que inicializa os 
                                                            GPIO
   55 0000000C F7FF FFFE       BL               LCD_Init    ; Chama a subrotina
                                                             que inicializa o L
                                                            CD
   56 00000010         
   57 00000010 F7FF FFFE       BL               zerar_memoria
   58 00000014         
   59 00000014 F7FF FFFE       BL               LCD_Reset   ; Limpa o display e
                                                             coloca o cursor em
                                                             home 
   60 00000018 4C2C            LDR              R4, =TABUADA_INIT1
   61 0000001A F7FF FFFE       BL               LCD_PrintString
   62 0000001E F7FF FFFE       BL               LCD_Line2
   63 00000022 4C2B            LDR              R4, =TABUADA_INIT2
   64 00000024 F7FF FFFE       BL               LCD_PrintString
   65 00000028         
   66 00000028 F04F 0C00       MOV              R12, #0
   67 0000002C F04F 0B00       MOV              R11, #0
   68 00000030 F04F 0A00       MOV              R10, #0
   69 00000034 F04F 0A00       MOV              R10, #0
   70 00000038         
   71 00000038 E7FE            B                MainLoop
   72 0000003A         
   73 0000003A         ; Função MainLoop
   74 0000003A         ; Loop principal do programa
   75 0000003A         ; Parâmetro de entrada: R5 -> Estado atual do cofre
   76 0000003A         ; Parâmetro de saída: Não tem
   77 0000003A         MainLoop
   78 0000003A F7FF FFFE       BL               MapMatrixKeyboard
   79 0000003E         
   80 0000003E         
   81 0000003E E7FE            B                MainLoop
   82 00000040         
   83 00000040         
   84 00000040         BlinkLED
   85 00000040 B500            PUSH             {LR}
   86 00000042         
   87 00000042 F04F 0020       MOV              R0, #2_100000 ; Ativa o transis
                                                            tor dos LEDs (PP5)
   88 00000046 F7FF FFFE       BL               PortP_Output
   89 0000004A         
   90 0000004A F10A 0A01       ADD              R10, #1
   91 0000004E         
   92 0000004E 45E2            CMP              R10, R12
   93 00000050 BFC4            ITT              GT



ARM Macro Assembler    Page 3 


   94 00000052 F04F 0A01       MOVGT            R10, #1
   95 00000056 F089 09FF       EORGT            R9, #2_11111111
   96 0000005A         
   97 0000005A F04F 0001       MOV              R0, #1      ; Atrasa 1ms
   98 0000005E F7FF FFFE       BL               SysTick_Wait1ms
   99 00000062         
  100 00000062 46C8            MOV              R8, R9
  101 00000064 F1BB 0F09       CMP              R11, #9
  102 00000068 BF1A            ITTE             NE
  103 0000006A 2208            MOVNE            R2, #8
  104 0000006C EBA2 020B       SUBNE            R2, R11
  105 00000070 2200            MOVEQ            R2, #0
  106 00000072         
  107 00000072 FA29 F102       LSR              R1, R9, R2
  108 00000076         
  109 00000076 4608            MOV              R0, R1      ; Ativa os LEDs PA7
                                                            :PA4
  110 00000078 F7FF FFFE       BL               PortA_Output
  111 0000007C 4608            MOV              R0, R1      ; Ativa os LEDs PQ3
                                                            :PQ0
  112 0000007E F7FF FFFE       BL               PortQ_Output
  113 00000082         
  114 00000082 F85D EB04       POP              {LR}
  115 00000086 4770            BX               LR
  116 00000088         
  117 00000088         zerar_memoria
  118 00000088 4812            LDR              R0, =0x20000A00 
                                                            ; Endereço inicial
  119 0000008A 4913            LDR              R1, =0x20000B00 
                                                            ; Endereço final
  120 0000008C F04F 0209       MOV              R2, #9      ; Valor a ser escri
                                                            to (zero)
  121 00000090         
  122 00000090         zerar_loop
  123 00000090 4288            CMP              R0, R1      ; Verifica se R0 at
                                                            ingiu o endereço fi
                                                            nal
  124 00000092 DA02            BGE              zerar_fim   ; Se R0 >= R1, sai 
                                                            do loop
  125 00000094 F840 2B04       STR              R2, [R0], #4 ; Armazena zero no
                                                             endereço atual e i
                                                            ncrementa R0 em 4 b
                                                            ytes
  126 00000098 E7FA            B                zerar_loop  ; Repete o loop
  127 0000009A         
  128 0000009A         zerar_fim
  129 0000009A 4770            BX               LR          ; Retorna da função
                                                            
  130 0000009C         
  131 0000009C         
  132 0000009C         ; Definição dos textos do LCD com 16 caracteres cada
  133 0000009C 54 61 62 
              75 61 64 
              61 20 64 
              6F 20 6E 
              78 6D 00 TABUADA_INIT1
                               DCB              "Tabuada do nxm", 0
  134 000000AB 6E 78 6D 
              3D 72 65 



ARM Macro Assembler    Page 4 


              73 75 6C 
              74 61 64 
              6F 00    TABUADA_INIT2
                               DCB              "nxm=resultado", 0
  135 000000B9         
  136 000000B9 20 20 20 
              20 20 20 
              20 20 20 
              20 20 20 
              20 20 20 
              20 00    EMPTY_STR
                               DCB              "                ", 0
  137 000000CA         
  138 000000CA         ; ------------------------------------------------------
                       --------------------------------------------------------
                       -----------
  139 000000CA         ; Fim do Arquivo
  140 000000CA         ; ------------------------------------------------------
                       --------------------------------------------------------
                       ----------- 
  141 000000CA 00 00           ALIGN                        ; Garante que o fim
                                                             da seção está alin
                                                            hada 
  142 000000CC                 END                          ; Fim do arquivo
              00000000 
              00000000 
              20000A00 
              20000B00 
Command Line: --debug --xref --diag_suppress=9931 --cpu=Cortex-M4.fp.sp --apcs=
interwork --depend=.\objects\main.d -o.\objects\main.o -IC:\Users\bruno\AppData
\Local\Arm\Packs\Keil\TM4C_DFP\1.1.0\Device\Include\TM4C129 --predefine="__EVAL
 SETA 1" --predefine="__UVISION_VERSION SETA 536" --predefine="TM4C1294NCPDT SE
TA 1" --list=.\listings\main.lst main.s



ARM Macro Assembler    Page 1 Alphabetic symbol ordering
Relocatable symbols

DATA 00000000

Symbol: DATA
   Definitions
      At line 9 in file main.s
   Uses
      None
Comment: DATA unused
1 symbol



ARM Macro Assembler    Page 1 Alphabetic symbol ordering
Relocatable symbols

.text 00000000

Symbol: .text
   Definitions
      At line 19 in file main.s
   Uses
      None
Comment: .text unused
BlinkLED 00000040

Symbol: BlinkLED
   Definitions
      At line 84 in file main.s
   Uses
      At line 48 in file main.s
Comment: BlinkLED used once
EMPTY_STR 000000B9

Symbol: EMPTY_STR
   Definitions
      At line 136 in file main.s
   Uses
      None
Comment: EMPTY_STR unused
MainLoop 0000003A

Symbol: MainLoop
   Definitions
      At line 77 in file main.s
   Uses
      At line 21 in file main.s
      At line 71 in file main.s
      At line 81 in file main.s

Start 00000000

Symbol: Start
   Definitions
      At line 51 in file main.s
   Uses
      At line 23 in file main.s
Comment: Start used once
TABUADA_INIT1 0000009C

Symbol: TABUADA_INIT1
   Definitions
      At line 133 in file main.s
   Uses
      At line 60 in file main.s
Comment: TABUADA_INIT1 used once
TABUADA_INIT2 000000AB

Symbol: TABUADA_INIT2
   Definitions
      At line 134 in file main.s
   Uses
      At line 63 in file main.s
Comment: TABUADA_INIT2 used once
zerar_fim 0000009A



ARM Macro Assembler    Page 2 Alphabetic symbol ordering
Relocatable symbols


Symbol: zerar_fim
   Definitions
      At line 128 in file main.s
   Uses
      At line 124 in file main.s
Comment: zerar_fim used once
zerar_loop 00000090

Symbol: zerar_loop
   Definitions
      At line 122 in file main.s
   Uses
      At line 126 in file main.s
Comment: zerar_loop used once
zerar_memoria 00000088

Symbol: zerar_memoria
   Definitions
      At line 117 in file main.s
   Uses
      At line 30 in file main.s
      At line 57 in file main.s

10 symbols



ARM Macro Assembler    Page 1 Alphabetic symbol ordering
External symbols

GPIO_Init 00000000

Symbol: GPIO_Init
   Definitions
      At line 35 in file main.s
   Uses
      At line 54 in file main.s
Comment: GPIO_Init used once
LCD_Init 00000000

Symbol: LCD_Init
   Definitions
      At line 40 in file main.s
   Uses
      At line 55 in file main.s
Comment: LCD_Init used once
LCD_Line2 00000000

Symbol: LCD_Line2
   Definitions
      At line 41 in file main.s
   Uses
      At line 62 in file main.s
Comment: LCD_Line2 used once
LCD_PrintString 00000000

Symbol: LCD_PrintString
   Definitions
      At line 43 in file main.s
   Uses
      At line 61 in file main.s
      At line 64 in file main.s

LCD_Reset 00000000

Symbol: LCD_Reset
   Definitions
      At line 42 in file main.s
   Uses
      At line 59 in file main.s
Comment: LCD_Reset used once
MapMatrixKeyboard 00000000

Symbol: MapMatrixKeyboard
   Definitions
      At line 45 in file main.s
   Uses
      At line 78 in file main.s
Comment: MapMatrixKeyboard used once
PLL_Init 00000000

Symbol: PLL_Init
   Definitions
      At line 31 in file main.s
   Uses
      At line 52 in file main.s
Comment: PLL_Init used once
PortA_Output 00000000




ARM Macro Assembler    Page 2 Alphabetic symbol ordering
External symbols

Symbol: PortA_Output
   Definitions
      At line 36 in file main.s
   Uses
      At line 110 in file main.s
Comment: PortA_Output used once
PortP_Output 00000000

Symbol: PortP_Output
   Definitions
      At line 37 in file main.s
   Uses
      At line 88 in file main.s
Comment: PortP_Output used once
PortQ_Output 00000000

Symbol: PortQ_Output
   Definitions
      At line 38 in file main.s
   Uses
      At line 112 in file main.s
Comment: PortQ_Output used once
SysTick_Init 00000000

Symbol: SysTick_Init
   Definitions
      At line 32 in file main.s
   Uses
      At line 53 in file main.s
Comment: SysTick_Init used once
SysTick_Wait1ms 00000000

Symbol: SysTick_Wait1ms
   Definitions
      At line 33 in file main.s
   Uses
      At line 98 in file main.s
Comment: SysTick_Wait1ms used once
print_tabuada 00000000

Symbol: print_tabuada
   Definitions
      At line 46 in file main.s
   Uses
      None
Comment: print_tabuada unused
update_tabuada 00000000

Symbol: update_tabuada
   Definitions
      At line 47 in file main.s
   Uses
      None
Comment: update_tabuada unused
14 symbols
361 symbols in table
